= Start
@ ./xmailod:[0x80491f6] + 0x804f378 0x1414
@ /lib/libc.so.6:[0xb7ea6f6d] + 0x8050790 0x160
@ /lib/libc.so.6:(fclose+0x130)[0xb7ea6720] - 0x8050790
@ ./xmailod:[0x80495a1] + 0x8050790 0x30
@ ./xmailod:[0x80495e7] + 0x80507c8 0x1
@ ./xmailod:[0x8049633] + 0x80507d8 0x1
@ ./xmailod:[0x80496c8] < 0x80507c8
@ ./xmailod:[0x80496c8] > 0x80507e8 0x401
@ ./xmailod:[0x80496c8] < 0x80507e8
@ ./xmailod:[0x80496c8] > 0x80507e8 0x496
@ ./xmailod:[0x80497cb] < 0x80507d8
@ ./xmailod:[0x80497cb] > 0x8050c88 0x297
@ ./xmailod:[0x8049845] + 0x8050f28 0x1ff
@ ./xmailod:[0x8049993] + 0x80507c8 0x4
@ ./xmailod:[0x80499fb] - 0x80507e8
@ /lib/libc.so.6:(getpwnam+0x111)[0xb7ed98a9] + 0x80507d8 0x400
@ /lib/libc.so.6:[0xb7ea6f6d] + 0x8051130 0x160
@ /lib/libc.so.6:(__nss_database_lookup+0x15e)[0xb7f1abf0] + 0x8050be0 0x8
@ /lib/libc.so.6:(__getdelim+0x1fd)[0xb7ea7d5d] + 0x8050bf0 0x78
@ /lib/libc.so.6:(__nss_database_lookup+0x2ba)[0xb7f1ad4c] + 0x8050c70 0xf
@ /lib/libc.so.6:[0xb7f1a4e9] + 0x8051298 0x27
@ /lib/libc.so.6:(__nss_database_lookup+0x2ba)[0xb7f1ad4c] + 0x80512c8 0xf
@ /lib/libc.so.6:[0xb7f1a4e9] + 0x80512e0 0x27
@ /lib/libc.so.6:(__nss_database_lookup+0x2ba)[0xb7f1ad4c] + 0x8051310 0xe
@ /lib/libc.so.6:[0xb7f1a4e9] + 0x8051328 0x27
@ /lib/libc.so.6:(__nss_database_lookup+0x2ba)[0xb7f1ad4c] + 0x8051358 0xe
@ /lib/libc.so.6:[0xb7f1a4e9] + 0x8051370 0x26
@ /lib/libc.so.6:[0xb7f1a4e9] + 0x80513a0 0x24
@ /lib/libc.so.6:(__nss_database_lookup+0x2ba)[0xb7f1ad4c] + 0x80513c8 0x11
@ /lib/libc.so.6:[0xb7f1a4e9] + 0x80513e0 0x26
@ /lib/libc.so.6:[0xb7f1a4e9] + 0x8051410 0x24
@ /lib/libc.so.6:(__nss_database_lookup+0x2ba)[0xb7f1ad4c] + 0x8051438 0x11
@ /lib/libc.so.6:[0xb7f1a4e9] + 0x8051450 0x23
@ /lib/libc.so.6:[0xb7f1a4e9] + 0x8051478 0x26
@ /lib/libc.so.6:(__nss_database_lookup+0x2ba)[0xb7f1ad4c] + 0x80514a8 0x12
@ /lib/libc.so.6:[0xb7f1a4e9] + 0x80514c0 0x23
@ /lib/libc.so.6:[0xb7f1a4e9] + 0x80514e8 0x26
@ /lib/libc.so.6:(__nss_database_lookup+0x2ba)[0xb7f1ad4c] + 0x8051518 0xc
@ /lib/libc.so.6:[0xb7f1a4e9] + 0x8051528 0x23
@ /lib/libc.so.6:[0xb7f1a4e9] + 0x8051550 0x26
@ /lib/libc.so.6:(__nss_database_lookup+0x2ba)[0xb7f1ad4c] + 0x8051580 0xf
@ /lib/libc.so.6:[0xb7f1a4e9] + 0x8051598 0x23
@ /lib/libc.so.6:[0xb7f1a4e9] + 0x80515c0 0x26
@ /lib/libc.so.6:(__nss_database_lookup+0x2ba)[0xb7f1ad4c] + 0x80515f0 0x11
@ /lib/libc.so.6:[0xb7f1a4e9] + 0x8051608 0x26
@ /lib/libc.so.6:(__nss_database_lookup+0x2ba)[0xb7f1ad4c] + 0x8051638 0x11
@ /lib/libc.so.6:[0xb7f1a4e9] + 0x8051650 0x26
@ /lib/libc.so.6:(__nss_database_lookup+0x2ba)[0xb7f1ad4c] + 0x8051680 0x13
@ /lib/libc.so.6:[0xb7f1a4e9] + 0x8051698 0x26
@ /lib/libc.so.6:(__nss_database_lookup+0x2ba)[0xb7f1ad4c] + 0x80516c8 0x12
@ /lib/libc.so.6:[0xb7f1a4e9] + 0x80516e0 0x26
@ /lib/libc.so.6:(__nss_database_lookup+0x2ba)[0xb7f1ad4c] + 0x8051710 0x10
@ /lib/libc.so.6:[0xb7f1a4e9] + 0x8051728 0x26
@ /lib/libc.so.6:(__nss_database_lookup+0x316)[0xb7f1ada8] - 0x8050bf0
@ /lib/libc.so.6:(fclose+0x130)[0xb7ea6720] - 0x8051130
@ /lib/libc.so.6:(tsearch+0xd9)[0xb7f0aca7] + 0x8050bf0 0x10
@ /lib/libc.so.6:(__nss_lookup_function+0x91)[0xb7f1a14f] + 0x8050c08 0x8
@ /lib/libc.so.6:(__nss_lookup_function+0x1c3)[0xb7f1a281] + 0x8050c18 0xc
@ /lib/ld-linux.so.2:[0xb7fc06d7] + 0x8050c28 0x18
@ /lib/ld-linux.so.2:[0xb7fc21ba] + 0x8051758 0x26b
@ /lib/ld-linux.so.2:[0xb7fc2464] + 0x8050c48 0x18
@ /lib/ld-linux.so.2:[0xb7fc06d7] + 0x8051130 0x11
@ /lib/ld-linux.so.2:[0xb7fc21ba] + 0x80519c8 0x264
@ /lib/ld-linux.so.2:[0xb7fc2464] + 0x8051148 0x11
@ /lib/ld-linux.so.2:[0xb7fc404b] + 0x8051160 0x14
@ /lib/ld-linux.so.2:[0xb7fc4423] + 0x8051178 0x24
@ /lib/ld-linux.so.2:[0xb7fc6dc5] + 0x80511a0 0xa0
@ /lib/ld-linux.so.2:[0xb7fc6dc5] + 0x8051c30 0xc0
@ /lib/libc.so.6:[0xb7f1a4e9] + 0x8051248 0x24
@ /lib/libc.so.6:(tsearch+0xd9)[0xb7f0aca7] + 0x8051270 0x10
@ /lib/libc.so.6:(__nss_lookup_function+0x91)[0xb7f1a14f] + 0x8051288 0x8
@ /lib/libc.so.6:(__nss_lookup_function+0x1c3)[0xb7f1a281] + 0x8051cf8 0xc
@ /lib/ld-linux.so.2:[0xb7fc06d7] + 0x8051d08 0x15
@ /lib/ld-linux.so.2:[0xb7fc21ba] + 0x8051d28 0x268
@ /lib/ld-linux.so.2:[0xb7fc2464] + 0x8051f98 0x15
@ /lib/ld-linux.so.2:[0xb7fc06d7] + 0x8051fb8 0x17
@ /lib/ld-linux.so.2:[0xb7fc21ba] + 0x8051fd8 0x26a
@ /lib/ld-linux.so.2:[0xb7fc2464] + 0x8052248 0x17
@ /lib/ld-linux.so.2:[0xb7fc404b] + 0x8052268 0x14
@ /lib/ld-linux.so.2:[0xb7fc4423] + 0x8052280 0x2c
@ /lib/ld-linux.so.2:[0xb7fc6dc5] + 0x80522b0 0xd0
@ /lib/ld-linux.so.2:[0xb7fc6dc5] + 0x8052388 0x90
@ /lib/libc.so.6:(tsearch+0xd9)[0xb7f0aca7] + 0x8052420 0x10
@ /lib/libc.so.6:(__nss_lookup_function+0x91)[0xb7f1a14f] + 0x8052438 0x8
@ /lib/libc.so.6:(tsearch+0xd9)[0xb7f0aca7] + 0x8052448 0x10
@ /lib/libc.so.6:(__nss_lookup_function+0x91)[0xb7f1a14f] + 0x8052460 0x8
@ /lib/libc.so.6:(tsearch+0xd9)[0xb7f0aca7] + 0x8052470 0x10
@ /lib/libc.so.6:(__nss_lookup_function+0x91)[0xb7f1a14f] + 0x8052488 0x8
@ /lib/libc.so.6:(tsearch+0xd9)[0xb7f0aca7] + 0x8052498 0x10
@ /lib/libc.so.6:(__nss_lookup_function+0x91)[0xb7f1a14f] + 0x80524b0 0x8
@ /lib/libc.so.6:[0xb7ea6f6d] + 0x80524c0 0x160
@ /lib/libc.so.6:(fclose+0x130)[0xb7ea6720] - 0x80524c0
@ ./xmailod:[0x804ab7e] + 0x80524c0 0x40
@ /lib/libc.so.6:[0xb7ed69e1] + 0xb7dff008 0x2001c
@ /lib/ld-linux.so.2:[0xb7fbf680] + 0x8052508 0x19
@ /lib/ld-linux.so.2:[0xb7fc21ba] + 0x8052528 0x271
@ /lib/ld-linux.so.2:[0xb7fc2464] + 0x80527a0 0x19
@ /lib/ld-linux.so.2:[0xb7fc06d7] + 0x80527c0 0x1e
@ /lib/ld-linux.so.2:[0xb7fc21ba] + 0x80527e8 0x26d
@ /lib/ld-linux.so.2:[0xb7fc2464] + 0x8052a60 0x1e
@ /lib/ld-linux.so.2:[0xb7fc06d7] + 0x8052a88 0x13
@ /lib/ld-linux.so.2:[0xb7fc21ba] + 0x8052aa0 0x266
@ /lib/ld-linux.so.2:[0xb7fc2464] + 0x8052d10 0x13
@ /lib/ld-linux.so.2:[0xb7fc06d7] + 0x8052d28 0x19
@ /lib/ld-linux.so.2:[0xb7fc21ba] + 0x8052d48 0x268
@ /lib/ld-linux.so.2:[0xb7fc2464] + 0x8052fb8 0x19
@ /lib/ld-linux.so.2:[0xb7fbf197] + 0x8052fd8 0x4
@ /lib/ld-linux.so.2:[0xb7fc06d7] + 0x8052fe8 0x1c
@ /lib/ld-linux.so.2:[0xb7fc21ba] + 0x8053008 0x26b
@ /lib/ld-linux.so.2:[0xb7fc2464] + 0x8053278 0x1c
@ /lib/ld-linux.so.2:[0xb7fbf197] + 0x8053298 0x4
@ /lib/ld-linux.so.2:[0xb7fc06d7] + 0x80532a8 0xf
@ /lib/ld-linux.so.2:[0xb7fc21ba] + 0x80532c0 0x262
@ /lib/ld-linux.so.2:[0xb7fc2464] + 0x8053528 0xf
@ /lib/ld-linux.so.2:[0xb7fc404b] + 0x8053540 0x44
@ /lib/ld-linux.so.2:[0xb7fc404b] + 0x8053588 0x14
@ /lib/ld-linux.so.2:[0xb7fc404b] + 0x80535a0 0x24
@ /lib/ld-linux.so.2:[0xb7fc404b] + 0x80535c8 0x1c
@ /lib/ld-linux.so.2:[0xb7fc404b] + 0x80535e8 0x14
@ /lib/ld-linux.so.2:[0xb7fc4423] + 0x8053600 0x5c
@ /lib/ld-linux.so.2:[0xb7fc6dc5] + 0x8053660 0x50
@ /lib/ld-linux.so.2:[0xb7fc6dc5] + 0x80536b8 0x90
@ /lib/ld-linux.so.2:[0xb7fc6dc5] + 0x8053750 0x50
@ /lib/ld-linux.so.2:[0xb7fc6dc5] + 0x80537a8 0x40
@ /lib/ld-linux.so.2:[0xb7fc6dc5] + 0x80537f0 0x80
@ /lib/ld-linux.so.2:[0xb7fc6dc5] + 0x8053878 0x50
@ /lib/ld-linux.so.2:[0xb7fc9724] + 0x80538d0 0x20
@ /usr/lib/libdbi.so.0:(dbi_initialize+0x182)[0xb7f77e6f] + 0x80538f8 0x20
@ /lib/libc.so.6:(__strdup+0x2d)[0xb7eba901] + 0x8053920 0x19
@ /usr/lib/libdbi.so.0:(dbi_initialize+0x1c9)[0xb7f77eb6] + 0x8053940 0x4c
@ /lib/libc.so.6:(closedir+0x24)[0xb7ed6afc] - 0xb7dff008
@ /usr/lib/libdbi.so.0:(dbi_conn_open+0x31)[0xb7f778fd] + 0x8053990 0x38
@ /usr/lib/libdbi.so.0:[0xb7f777a2] + 0x80539d0 0x10
@ /lib/libc.so.6:(__strdup+0x2d)[0xb7eba901] + 0x80539e8 0x5
@ /lib/libc.so.6:(__strdup+0x2d)[0xb7eba901] + 0x80539f8 0xa
@ /usr/lib/libdbi.so.0:[0xb7f777a2] + 0x8053a08 0x10
@ /lib/libc.so.6:(__strdup+0x2d)[0xb7eba901] + 0x8053a20 0x9
@ /lib/libc.so.6:(__strdup+0x2d)[0xb7eba901] + 0x8053a30 0x8
@ /usr/lib/libdbi.so.0:[0xb7f777a2] + 0x8053a40 0x10
@ /lib/libc.so.6:(__strdup+0x2d)[0xb7eba901] + 0x8053a58 0x9
@ /lib/libc.so.6:(__strdup+0x2d)[0xb7eba901] + 0x8053a68 0xa
@ /usr/lib/libdbi.so.0:[0xb7f777a2] + 0x8053a78 0x10
@ /lib/libc.so.6:(__strdup+0x2d)[0xb7eba901] + 0x8053a90 0x7
@ /lib/libc.so.6:(__strdup+0x2d)[0xb7eba901] + 0x8053aa0 0xe
@ /usr/lib/libdbi.so.0:[0xb7f777a2] + 0x8053ab8 0x10
@ /lib/libc.so.6:(__strdup+0x2d)[0xb7eba901] + 0x8053ad0 0x9
@ /lib/libc.so.6:(__strdup+0x2d)[0xb7eba901] + 0x8053ae0 0x6
@ /usr/lib/libmysqlclient.so.15:(my_malloc+0x29)[0xb7cb1710] + 0x8053af0 0x10
@ /lib/libc.so.6:(getservbyname+0x11e)[0xb7f21426] + 0x8053b08 0x400
@ /lib/libc.so.6:(tsearch+0xd9)[0xb7f0aca7] + 0x8053f10 0x10
@ /lib/libc.so.6:(__nss_lookup_function+0x91)[0xb7f1a14f] + 0x8053f28 0x8
@ /lib/libc.so.6:(__nss_lookup_function+0x1c3)[0xb7f1a281] + 0x8053f38 0xc
@ /lib/ld-linux.so.2:[0xb7fc5675] + 0x8053f48 0x2e
@ /lib/ld-linux.so.2:[0xb7fc8efd] - 0x8053f48
@ /lib/ld-linux.so.2:[0xb7fc5675] + 0x8053f48 0x2e
@ /lib/libc.so.6:[0xb7f3beb0] - 0x8053f48
@ /lib/libc.so.6:(tsearch+0xd9)[0xb7f0aca7] + 0x8053f80 0x10
@ /lib/libc.so.6:(__nss_lookup_function+0x91)[0xb7f1a14f] + 0x8053f98 0x8
@ /lib/libc.so.6:(__nss_lookup_function+0x1c3)[0xb7f1a281] + 0x8053fa8 0xc
@ /lib/ld-linux.so.2:[0xb7fc4832] - 0x8052268
@ /lib/ld-linux.so.2:[0xb7fc4423] + 0x8053fb8 0x1c
@ /lib/libc.so.6:[0xb7ea6f6d] + 0x8053fd8 0x160
@ /lib/libc.so.6:(fclose+0x130)[0xb7ea6720] - 0x8053fd8
@ /usr/lib/libmysqlclient.so.15:(my_malloc+0x29)[0xb7cb1710] + 0x8053fd8 0x3b8
@ /usr/lib/libmysqlclient.so.15:(my_malloc+0x29)[0xb7cb1710] + 0x8054398 0x9c
@ /usr/lib/libmysqlclient.so.15:(my_malloc+0x29)[0xb7cb1710] + 0x8054438 0x4000
@ /usr/lib/libmysqlclient.so.15:(my_malloc+0x29)[0xb7cb1710] + 0x8058440 0x2007
@ /usr/lib/libmysqlclient.so.15:(my_malloc+0x29)[0xb7cb1710] + 0x8052268 0x5
@ /usr/lib/libmysqlclient.so.15:(my_once_alloc+0x74)[0xb7cb7ae0] + 0x805a450 0xff8
@ /usr/lib/libmysqlclient.so.15:(my_once_alloc+0x74)[0xb7cb7ae0] + 0x805b450 0xff8
@ /usr/lib/libmysqlclient.so.15:(my_once_alloc+0x74)[0xb7cb7ae0] + 0x805c450 0xff8
@ /usr/lib/libmysqlclient.so.15:(my_once_alloc+0x74)[0xb7cb7ae0] + 0x805d450 0xff8
@ /usr/lib/libmysqlclient.so.15:(my_once_alloc+0x74)[0xb7cb7ae0] + 0x805e450 0xff8
@ /usr/lib/libmysqlclient.so.15:(my_once_alloc+0x74)[0xb7cb7ae0] + 0x805f450 0xff8
@ /usr/lib/libmysqlclient.so.15:(my_once_alloc+0x74)[0xb7cb7ae0] + 0x8060450 0xff8
@ /usr/lib/libmysqlclient.so.15:(my_once_alloc+0x74)[0xb7cb7ae0] + 0x8061450 0xff8
@ /usr/lib/libmysqlclient.so.15:(my_once_alloc+0x74)[0xb7cb7ae0] + 0x8062450 0xff8
@ /usr/lib/libmysqlclient.so.15:(my_once_alloc+0x74)[0xb7cb7ae0] + 0x8063450 0xff8
@ /usr/lib/libmysqlclient.so.15:(my_once_alloc+0x74)[0xb7cb7ae0] + 0x8064450 0xff8
@ /usr/lib/libmysqlclient.so.15:(my_once_alloc+0x74)[0xb7cb7ae0] + 0x8065450 0xff8
@ /usr/lib/libmysqlclient.so.15:(my_once_alloc+0x74)[0xb7cb7ae0] + 0x8066450 0xff8
@ /usr/lib/libmysqlclient.so.15:(my_once_alloc+0x74)[0xb7cb7ae0] + 0x8067450 0xff8
@ /usr/lib/libmysqlclient.so.15:(my_once_alloc+0x74)[0xb7cb7ae0] + 0x8068450 0xff8
@ /usr/lib/libmysqlclient.so.15:(my_malloc+0x29)[0xb7cb1710] + 0x8069450 0x472d
@ /usr/lib/libmysqlclient.so.15:(my_malloc+0x29)[0xb7cb1710] + 0x8053f48 0x24
@ /usr/lib/libmysqlclient.so.15:(my_no_flags_free+0x21)[0xb7cb16e1] - 0x8053f48
@ /usr/lib/libmysqlclient.so.15:(my_no_flags_free+0x21)[0xb7cb16e1] - 0x8069450
@ /usr/lib/libmysqlclient.so.15:(my_malloc+0x29)[0xb7cb1710] + 0x8069450 0x80
@ /usr/lib/libmysqlclient.so.15:(my_malloc+0x29)[0xb7cb1710] + 0x8053f70 0x8
@ /usr/lib/libmysqlclient.so.15:(my_malloc+0x29)[0xb7cb1710] + 0x80694d8 0xa
@ /usr/lib/libmysqlclient.so.15:(my_malloc+0x29)[0xb7cb1710] + 0x80694e8 0xe
@ /usr/lib/libmysqlclient.so.15:(my_no_flags_free+0x21)[0xb7cb16e1] - 0x8054438
@ /usr/lib/libmysqlclient.so.15:(my_no_flags_free+0x21)[0xb7cb16e1] - 0x8054398
@ /usr/lib/libmysqlclient.so.15:(my_no_flags_free+0x21)[0xb7cb16e1] - 0x8058440
@ /usr/lib/libmysqlclient.so.15:(my_no_flags_free+0x21)[0xb7cb16e1] - 0x8069450
@ /usr/lib/libmysqlclient.so.15:(my_no_flags_free+0x21)[0xb7cb16e1] - 0x8053f70
@ /usr/lib/libmysqlclient.so.15:(my_no_flags_free+0x21)[0xb7cb16e1] - 0x80694d8
@ /usr/lib/libmysqlclient.so.15:(my_no_flags_free+0x21)[0xb7cb16e1] - 0x80694e8
@ /usr/lib/libmysqlclient.so.15:(my_no_flags_free+0x21)[0xb7cb16e1] - 0x8052268
@ /lib/libc.so.6:(__strdup+0x2d)[0xb7eba901] + 0x8069450 0x43
@ /usr/lib/libmysqlclient.so.15:(my_no_flags_free+0x21)[0xb7cb16e1] - 0x8053fd8
@ ./xmailod:[0x804a234] + 0x8053fd8 0x68
@ /lib/libc.so.6:[0xb7ed69e1] + 0x8069498 0x2001c
@ /usr/lib/libdbi.so.0:(dbi_initialize+0x182)[0xb7f77e6f] + 0x8053f48 0x20
@ /lib/libc.so.6:(__strdup+0x2d)[0xb7eba901] + 0x8054048 0x19
@ /usr/lib/libdbi.so.0:(dbi_initialize+0x1c9)[0xb7f77eb6] + 0x8054068 0x4c
@ /lib/libc.so.6:(closedir+0x24)[0xb7ed6afc] - 0x8069498
@ /usr/lib/libdbi.so.0:(dbi_conn_open+0x31)[0xb7f778fd] + 0x80540b8 0x38
@ /usr/lib/libdbi.so.0:[0xb7f777a2] + 0x8052268 0x10
@ /lib/libc.so.6:(__strdup+0x2d)[0xb7eba901] + 0x8053f70 0x5
@ /lib/libc.so.6:(__strdup+0x2d)[0xb7eba901] + 0x80540f8 0xa
@ /usr/lib/libdbi.so.0:[0xb7f777a2] + 0x8054108 0x10
@ /lib/libc.so.6:(__strdup+0x2d)[0xb7eba901] + 0x8054120 0x9
@ /lib/libc.so.6:(__strdup+0x2d)[0xb7eba901] + 0x8054130 0x8
@ /usr/lib/libdbi.so.0:[0xb7f777a2] + 0x8054140 0x10
@ /lib/libc.so.6:(__strdup+0x2d)[0xb7eba901] + 0x8054158 0x9
@ /lib/libc.so.6:(__strdup+0x2d)[0xb7eba901] + 0x8054168 0xa
@ /usr/lib/libdbi.so.0:[0xb7f777a2] + 0x8054178 0x10
@ /lib/libc.so.6:(__strdup+0x2d)[0xb7eba901] + 0x8054190 0x7
@ /lib/libc.so.6:(__strdup+0x2d)[0xb7eba901] + 0x80541a0 0xe
@ /usr/lib/libmysqlclient.so.15:(my_malloc+0x29)[0xb7cb1710] + 0x80541b8 0x3b8
@ /usr/lib/libmysqlclient.so.15:(my_malloc+0x29)[0xb7cb1710] + 0x8054578 0x9c
@ /usr/lib/libmysqlclient.so.15:(my_malloc+0x29)[0xb7cb1710] + 0x8054618 0x4000
@ /usr/lib/libmysqlclient.so.15:(my_malloc+0x29)[0xb7cb1710] + 0x8069498 0x2007
@ /usr/lib/libmysqlclient.so.15:(my_malloc+0x29)[0xb7cb1710] + 0x8058620 0x5
@ /usr/lib/libmysqlclient.so.15:(my_malloc+0x29)[0xb7cb1710] + 0x8058630 0x80
@ /usr/lib/libmysqlclient.so.15:(my_malloc+0x29)[0xb7cb1710] + 0x80586b8 0x8
@ /usr/lib/libmysqlclient.so.15:(my_malloc+0x29)[0xb7cb1710] + 0x80586c8 0xa
@ /usr/lib/libmysqlclient.so.15:(my_malloc+0x29)[0xb7cb1710] + 0x80586d8 0xe
@ /usr/lib/libmysqlclient.so.15:(my_no_flags_free+0x21)[0xb7cb16e1] - 0x8054618
@ /usr/lib/libmysqlclient.so.15:(my_no_flags_free+0x21)[0xb7cb16e1] - 0x8054578
@ /usr/lib/libmysqlclient.so.15:(my_no_flags_free+0x21)[0xb7cb16e1] - 0x8069498
@ /usr/lib/libmysqlclient.so.15:(my_no_flags_free+0x21)[0xb7cb16e1] - 0x8058630
@ /usr/lib/libmysqlclient.so.15:(my_no_flags_free+0x21)[0xb7cb16e1] - 0x80586b8
@ /usr/lib/libmysqlclient.so.15:(my_no_flags_free+0x21)[0xb7cb16e1] - 0x80586c8
@ /usr/lib/libmysqlclient.so.15:(my_no_flags_free+0x21)[0xb7cb16e1] - 0x80586d8
@ /usr/lib/libmysqlclient.so.15:(my_no_flags_free+0x21)[0xb7cb16e1] - 0x8058620
@ /lib/libc.so.6:(__strdup+0x2d)[0xb7eba901] + 0x8058630 0x43
@ /usr/lib/libmysqlclient.so.15:(my_no_flags_free+0x21)[0xb7cb16e1] - 0x80541b8
@ ./xmailod:[0x804a234] + 0x80586f0 0x68
@ /lib/libc.so.6:[0xb7ed69e1] + 0x8069498 0x2001c
@ /usr/lib/libdbi.so.0:(dbi_initialize+0x182)[0xb7f77e6f] + 0x8058678 0x20
@ /lib/libc.so.6:(__strdup+0x2d)[0xb7eba901] + 0x80586a0 0x19
@ /usr/lib/libdbi.so.0:(dbi_initialize+0x1c9)[0xb7f77eb6] + 0x8058760 0x4c
@ /lib/libc.so.6:(closedir+0x24)[0xb7ed6afc] - 0x8069498
@ /usr/lib/libdbi.so.0:(dbi_conn_open+0x31)[0xb7f778fd] + 0x80587b0 0x38
@ /usr/lib/libdbi.so.0:[0xb7f777a2] + 0x80587f0 0x10
@ /lib/libc.so.6:(__strdup+0x2d)[0xb7eba901] + 0x8058808 0x5
@ /lib/libc.so.6:(__strdup+0x2d)[0xb7eba901] + 0x8058818 0xa
@ /usr/lib/libdbi.so.0:[0xb7f777a2] + 0x8058828 0x10
@ /lib/libc.so.6:(__strdup+0x2d)[0xb7eba901] + 0x8058840 0x9
@ /lib/libc.so.6:(__strdup+0x2d)[0xb7eba901] + 0x8058850 0x8
@ /usr/lib/libdbi.so.0:[0xb7f777a2] + 0x8058860 0x10
@ /lib/libc.so.6:(__strdup+0x2d)[0xb7eba901] + 0x8058878 0x9
@ /lib/libc.so.6:(__strdup+0x2d)[0xb7eba901] + 0x8058888 0xa
@ /usr/lib/libdbi.so.0:[0xb7f777a2] + 0x8058898 0x10
@ /lib/libc.so.6:(__strdup+0x2d)[0xb7eba901] + 0x80588b0 0x7
@ /lib/libc.so.6:(__strdup+0x2d)[0xb7eba901] + 0x80588c0 0xe
@ /usr/lib/libmysqlclient.so.15:(my_malloc+0x29)[0xb7cb1710] + 0x80588d8 0x3b8
@ /usr/lib/libmysqlclient.so.15:(my_malloc+0x29)[0xb7cb1710] + 0x8058c98 0x9c
@ /usr/lib/libmysqlclient.so.15:(my_malloc+0x29)[0xb7cb1710] + 0x80541b8 0x4000
@ /usr/lib/libmysqlclient.so.15:(my_malloc+0x29)[0xb7cb1710] + 0x8069498 0x2007
@ /usr/lib/libmysqlclient.so.15:(my_malloc+0x29)[0xb7cb1710] + 0x80586c0 0x5
@ /usr/lib/libmysqlclient.so.15:(my_malloc+0x29)[0xb7cb1710] + 0x80581c0 0x80
@ /usr/lib/libmysqlclient.so.15:(my_malloc+0x29)[0xb7cb1710] + 0x8058248 0x8
@ /usr/lib/libmysqlclient.so.15:(my_malloc+0x29)[0xb7cb1710] + 0x8058258 0xa
@ /usr/lib/libmysqlclient.so.15:(my_malloc+0x29)[0xb7cb1710] + 0x8058268 0xe
@ /usr/lib/libmysqlclient.so.15:(my_no_flags_free+0x21)[0xb7cb16e1] - 0x80541b8
@ /usr/lib/libmysqlclient.so.15:(my_no_flags_free+0x21)[0xb7cb16e1] - 0x8058c98
@ /usr/lib/libmysqlclient.so.15:(my_no_flags_free+0x21)[0xb7cb16e1] - 0x8069498
@ /usr/lib/libmysqlclient.so.15:(my_no_flags_free+0x21)[0xb7cb16e1] - 0x80581c0
@ /usr/lib/libmysqlclient.so.15:(my_no_flags_free+0x21)[0xb7cb16e1] - 0x8058248
@ /usr/lib/libmysqlclient.so.15:(my_no_flags_free+0x21)[0xb7cb16e1] - 0x8058258
@ /usr/lib/libmysqlclient.so.15:(my_no_flags_free+0x21)[0xb7cb16e1] - 0x8058268
@ /usr/lib/libmysqlclient.so.15:(my_no_flags_free+0x21)[0xb7cb16e1] - 0x80586c0
@ /lib/libc.so.6:(__strdup+0x2d)[0xb7eba901] + 0x8058280 0x43
@ /usr/lib/libmysqlclient.so.15:(my_no_flags_free+0x21)[0xb7cb16e1] - 0x80588d8
@ ./xmailod:[0x804951e] - 0x804f378
@ ./xmailod:[0x804952c] - 0x80507c8
@ ./xmailod:[0x8049539] - 0x8050c88
@ ./xmailod:[0x8049547] - 0x80524c0
@ ./xmailod:[0x8049555] - 0x8050f28
@ ./xmailod:[0x8049563] - 0x80586f0
@ ./xmailod:[0x804956e] - 0x8050790
= End
